Build started 11/09/2015 16:27:48.
     1>Project "D:\VideoAnnotationCPP\VideoAnnotationCPP\VideoAnotationPreProcess\VideoAnotationPreProcess.vcxproj" on node 2 (Build target(s)).
     1>ClCompile:
         C:\Program Files (x86)\Microsoft Visual Studio 12.0\VC\bin\x86_amd64\CL.exe /c /ID:\Software\opencv\build\include /ID:\Software\ffmpeg\include /I"D:\Software\tinyxml2-master" /Zi /nologo /W3 /WX- /Od /D WIN32 /D _DEBUG /D _CONSOLE /D _LIB /D _UNICODE /D UNICODE /Gm /EHsc /RTC1 /MDd /GS /fp:precise /Zc:wchar_t /Zc:forScope /Fo"x64\Debug\\" /Fd"x64\Debug\vc120.pdb" /Gd /TP /errorReport:prompt VideoAnotationPreProcess.cpp
         VideoAnotationPreProcess.cpp
     1>VideoAnotationPreProcess.cpp(14): warning C4067: unexpected tokens following preprocessor directive - expected a newline
     1>VideoAnotationPreProcess.cpp(67): warning C4996: 'fopen': This function or variable may be unsafe. Consider using fopen_s instead. To disable deprecation, use _CRT_SECURE_NO_WARNINGS. See online help for details.
                 C:\Program Files (x86)\Microsoft Visual Studio 12.0\VC\include\stdio.h(211) : see declaration of 'fopen'
     1>VideoAnotationPreProcess.cpp(82): warning C4996: 'strtok': This function or variable may be unsafe. Consider using strtok_s instead. To disable deprecation, use _CRT_SECURE_NO_WARNINGS. See online help for details.
                 C:\Program Files (x86)\Microsoft Visual Studio 12.0\VC\include\string.h(204) : see declaration of 'strtok'
     1>VideoAnotationPreProcess.cpp(88): warning C4244: '=' : conversion from 'double' to 'float', possible loss of data
     1>VideoAnotationPreProcess.cpp(89): warning C4996: 'strtok': This function or variable may be unsafe. Consider using strtok_s instead. To disable deprecation, use _CRT_SECURE_NO_WARNINGS. See online help for details.
                 C:\Program Files (x86)\Microsoft Visual Studio 12.0\VC\include\string.h(204) : see declaration of 'strtok'
     1>VideoAnotationPreProcess.cpp(95): warning C4996: 'strtok': This function or variable may be unsafe. Consider using strtok_s instead. To disable deprecation, use _CRT_SECURE_NO_WARNINGS. See online help for details.
                 C:\Program Files (x86)\Microsoft Visual Studio 12.0\VC\include\string.h(204) : see declaration of 'strtok'
     1>VideoAnotationPreProcess.cpp(100): warning C4244: '=' : conversion from 'double' to 'float', possible loss of data
     1>VideoAnotationPreProcess.cpp(101): warning C4996: 'strtok': This function or variable may be unsafe. Consider using strtok_s instead. To disable deprecation, use _CRT_SECURE_NO_WARNINGS. See online help for details.
                 C:\Program Files (x86)\Microsoft Visual Studio 12.0\VC\include\string.h(204) : see declaration of 'strtok'
     1>VideoAnotationPreProcess.cpp(123): warning C4018: '<' : signed/unsigned mismatch
     1>VideoAnotationPreProcess.cpp(232): warning C4244: 'argument' : conversion from 'double' to 'int64_t', possible loss of data
     1>VideoAnotationPreProcess.cpp(257): warning C4244: 'initializing' : conversion from 'double' to 'int', possible loss of data
     1>VideoAnotationPreProcess.cpp(259): warning C4244: 'initializing' : conversion from 'double' to 'int', possible loss of data
     1>VideoAnotationPreProcess.cpp(262): warning C4244: '=' : conversion from 'double' to 'int', possible loss of data
     1>VideoAnotationPreProcess.cpp(380): warning C4244: 'argument' : conversion from 'float' to 'int', possible loss of data
     1>VideoAnotationPreProcess.cpp(384): warning C4244: 'initializing' : conversion from 'double' to 'float', possible loss of data
       Link:
         C:\Program Files (x86)\Microsoft Visual Studio 12.0\VC\bin\x86_amd64\link.exe /ERRORREPORT:PROMPT /OUT:"D:\VideoAnnotationCPP\VideoAnnotationCPP\x64\Debug\VideoAnotationPreProcess.exe" /INCREMENTAL /NOLOGO /LIBPATH:D:\Software\opencv\build\x64\vc12\lib /LIBPATH:D:\Software\ffmpeg\lib /LIBPATH:"D:\Software\tinyxml2-master\tinyxml2\bin\x64-Debug-Dll" avcodec.lib avformat.lib avutil.lib avdevice.lib swscale.lib opencv_flann249d.lib opencv_features2d249d.lib opencv_core249d.lib opencv_highgui249d.lib opencv_nonfree249d.lib opencv_imgproc249d.lib tinyxml2.lib kernel32.lib user32.lib gdi32.lib winspool.lib comdlg32.lib advapi32.lib shell32.lib ole32.lib oleaut32.lib uuid.lib odbc32.lib odbccp32.lib /MANIFEST /MANIFESTUAC:"level='asInvoker' uiAccess='false'" /manifest:embed /DEBUG /PDB:"D:\VideoAnnotationCPP\VideoAnnotationCPP\x64\Debug\VideoAnotationPreProcess.pdb" /SUBSYSTEM:CONSOLE /TLBID:1 /DYNAMICBASE /NXCOMPAT /IMPLIB:"D:\VideoAnnotationCPP\VideoAnnotationCPP\x64\Debug\VideoAnotationPreProcess.lib" /MACHINE:X64 x64\Debug\VideoAnotationPreProcess.obj
         VideoAnotationPreProcess.vcxproj -> D:\VideoAnnotationCPP\VideoAnnotationCPP\x64\Debug\VideoAnotationPreProcess.exe
     1>Done Building Project "D:\VideoAnnotationCPP\VideoAnnotationCPP\VideoAnotationPreProcess\VideoAnotationPreProcess.vcxproj" (Build target(s)).

Build succeeded.

Time Elapsed 00:00:02.55
