Build started 31/07/2015 12:45:31.
     1>Project "D:\Google Drive\VSProjects\VideoAnotationPreProcess\VideoAnotationPreProcess\VideoAnotationPreProcess.vcxproj" on node 2 (Build target(s)).
     1>ClCompile:
         C:\Program Files (x86)\Microsoft Visual Studio 12.0\VC\bin\CL.exe /c /ID:\Software\opencv\build\include /ID:\Software\ffmpeg\include /ZI /nologo /W3 /WX- /Od /Oy- /D WIN32 /D _DEBUG /D _CONSOLE /D _LIB /D _UNICODE /D UNICODE /Gm /EHsc /RTC1 /MDd /GS /fp:precise /Zc:wchar_t /Zc:forScope /Fo"Debug\\" /Fd"Debug\vc120.pdb" /Gd /TP /analyze- /errorReport:prompt VideoAnotationPreProcess.cpp stdafx.cpp
         VideoAnotationPreProcess.cpp
     1>d:\google drive\vsprojects\videoanotationpreprocess\videoanotationpreprocess\stdafx.h(17): warning C4067: unexpected tokens following preprocessor directive - expected a newline
     1>d:\google drive\vsprojects\videoanotationpreprocess\videoanotationpreprocess\videoanotationpreprocess.cpp(47): warning C4018: '<' : signed/unsigned mismatch
     1>d:\google drive\vsprojects\videoanotationpreprocess\videoanotationpreprocess\videoanotationpreprocess.cpp(110): warning C4244: 'initializing' : conversion from 'double' to 'int64_t', possible loss of data
         Generating Code...
         Compiling...
         stdafx.cpp
     1>d:\google drive\vsprojects\videoanotationpreprocess\videoanotationpreprocess\stdafx.h(17): warning C4067: unexpected tokens following preprocessor directive - expected a newline
         Generating Code...
       Link:
         C:\Program Files (x86)\Microsoft Visual Studio 12.0\VC\bin\link.exe /ERRORREPORT:PROMPT /OUT:"D:\Google Drive\VSProjects\VideoAnotationPreProcess\Debug\VideoAnotationPreProcess.exe" /INCREMENTAL /NOLOGO /LIBPATH:D:\Software\opencv\build\x64\vc12\lib /LIBPATH:D:\Software\ffmpeg\lib avcodec.lib avformat.lib swscale.lib opencv_features2d249d.lib opencv_core249d.lib opencv_highgui249d.lib opencv_nonfree249d.lib kernel32.lib user32.lib gdi32.lib winspool.lib comdlg32.lib advapi32.lib shell32.lib ole32.lib oleaut32.lib uuid.lib odbc32.lib odbccp32.lib /MANIFEST /MANIFESTUAC:"level='asInvoker' uiAccess='false'" /manifest:embed /DEBUG /PDB:"D:\Google Drive\VSProjects\VideoAnotationPreProcess\Debug\VideoAnotationPreProcess.pdb" /SUBSYSTEM:CONSOLE /TLBID:1 /DYNAMICBASE /NXCOMPAT /IMPLIB:"D:\Google Drive\VSProjects\VideoAnotationPreProcess\Debug\VideoAnotationPreProcess.lib" /MACHINE:X86 Debug\stdafx.obj
         Debug\VideoAnotationPreProcess.obj
     1>VideoAnotationPreProcess.obj : error LNK2019: unresolved external symbol "void * __cdecl av_malloc(unsigned int)" (?av_malloc@@YAPAXI@Z) referenced in function _main
     1>VideoAnotationPreProcess.obj : error LNK2019: unresolved external symbol "void __cdecl av_free(void *)" (?av_free@@YAXPAX@Z) referenced in function _main
     1>VideoAnotationPreProcess.obj : error LNK2019: unresolved external symbol "struct AVFrame * __cdecl av_frame_alloc(void)" (?av_frame_alloc@@YAPAUAVFrame@@XZ) referenced in function _main
     1>VideoAnotationPreProcess.obj : error LNK2019: unresolved external symbol "void __cdecl av_frame_free(struct AVFrame * *)" (?av_frame_free@@YAXPAPAUAVFrame@@@Z) referenced in function _main
     1>VideoAnotationPreProcess.obj : error LNK2019: unresolved external symbol "struct AVCodecContext * __cdecl avcodec_alloc_context3(struct AVCodec const *)" (?avcodec_alloc_context3@@YAPAUAVCodecContext@@PBUAVCodec@@@Z) referenced in function _main
     1>VideoAnotationPreProcess.obj : error LNK2019: unresolved external symbol "int __cdecl avcodec_copy_context(struct AVCodecContext *,struct AVCodecContext const *)" (?avcodec_copy_context@@YAHPAUAVCodecContext@@PBU1@@Z) referenced in function _main
     1>VideoAnotationPreProcess.obj : error LNK2019: unresolved external symbol "int __cdecl avcodec_open2(struct AVCodecContext *,struct AVCodec const *,struct AVDictionary * *)" (?avcodec_open2@@YAHPAUAVCodecContext@@PBUAVCodec@@PAPAUAVDictionary@@@Z) referenced in function _main
     1>VideoAnotationPreProcess.obj : error LNK2019: unresolved external symbol "int __cdecl avcodec_close(struct AVCodecContext *)" (?avcodec_close@@YAHPAUAVCodecContext@@@Z) referenced in function _main
     1>VideoAnotationPreProcess.obj : error LNK2019: unresolved external symbol "void __cdecl av_free_packet(struct AVPacket *)" (?av_free_packet@@YAXPAUAVPacket@@@Z) referenced in function _main
     1>VideoAnotationPreProcess.obj : error LNK2019: unresolved external symbol "struct AVCodec * __cdecl avcodec_find_decoder(enum AVCodecID)" (?avcodec_find_decoder@@YAPAUAVCodec@@W4AVCodecID@@@Z) referenced in function _main
     1>VideoAnotationPreProcess.obj : error LNK2019: unresolved external symbol "int __cdecl avcodec_decode_video2(struct AVCodecContext *,struct AVFrame *,int *,struct AVPacket const *)" (?avcodec_decode_video2@@YAHPAUAVCodecContext@@PAUAVFrame@@PAHPBUAVPacket@@@Z) referenced in function _main
     1>VideoAnotationPreProcess.obj : error LNK2019: unresolved external symbol "int __cdecl avpicture_fill(struct AVPicture *,unsigned char const *,enum AVPixelFormat,int,int)" (?avpicture_fill@@YAHPAUAVPicture@@PBEW4AVPixelFormat@@HH@Z) referenced in function _main
     1>VideoAnotationPreProcess.obj : error LNK2019: unresolved external symbol "int __cdecl avpicture_get_size(enum AVPixelFormat,int,int)" (?avpicture_get_size@@YAHW4AVPixelFormat@@HH@Z) referenced in function _main
     1>VideoAnotationPreProcess.obj : error LNK2019: unresolved external symbol "void __cdecl av_register_all(void)" (?av_register_all@@YAXXZ) referenced in function _main
     1>VideoAnotationPreProcess.obj : error LNK2019: unresolved external symbol "int __cdecl avformat_open_input(struct AVFormatContext * *,char const *,struct AVInputFormat *,struct AVDictionary * *)" (?avformat_open_input@@YAHPAPAUAVFormatContext@@PBDPAUAVInputFormat@@PAPAUAVDictionary@@@Z) referenced in function _main
     1>VideoAnotationPreProcess.obj : error LNK2019: unresolved external symbol "int __cdecl avformat_find_stream_info(struct AVFormatContext *,struct AVDictionary * *)" (?avformat_find_stream_info@@YAHPAUAVFormatContext@@PAPAUAVDictionary@@@Z) referenced in function _main
     1>VideoAnotationPreProcess.obj : error LNK2019: unresolved external symbol "int __cdecl av_read_frame(struct AVFormatContext *,struct AVPacket *)" (?av_read_frame@@YAHPAUAVFormatContext@@PAUAVPacket@@@Z) referenced in function _main
     1>VideoAnotationPreProcess.obj : error LNK2019: unresolved external symbol "int __cdecl avformat_seek_file(struct AVFormatContext *,int,__int64,__int64,__int64,int)" (?avformat_seek_file@@YAHPAUAVFormatContext@@H_J11H@Z) referenced in function _main
     1>VideoAnotationPreProcess.obj : error LNK2019: unresolved external symbol "void __cdecl avformat_close_input(struct AVFormatContext * *)" (?avformat_close_input@@YAXPAPAUAVFormatContext@@@Z) referenced in function _main
     1>VideoAnotationPreProcess.obj : error LNK2019: unresolved external symbol "void __cdecl av_dump_format(struct AVFormatContext *,int,char const *,int)" (?av_dump_format@@YAXPAUAVFormatContext@@HPBDH@Z) referenced in function _main
     1>VideoAnotationPreProcess.obj : error LNK2019: unresolved external symbol "struct SwsContext * __cdecl sws_getContext(int,int,enum AVPixelFormat,int,int,enum AVPixelFormat,int,struct SwsFilter *,struct SwsFilter *,double const *)" (?sws_getContext@@YAPAUSwsContext@@HHW4AVPixelFormat@@HH0HPAUSwsFilter@@1PBN@Z) referenced in function _main
     1>VideoAnotationPreProcess.obj : error LNK2019: unresolved external symbol "int __cdecl sws_scale(struct SwsContext *,unsigned char const * const * const,int const * const,int,int,unsigned char * const * const,int const * const)" (?sws_scale@@YAHPAUSwsContext@@QBQBEQBHHHQBQAE2@Z) referenced in function _main
     1>VideoAnotationPreProcess.obj : error LNK2019: unresolved external symbol "public: __thiscall cv::Exception::Exception(int,class std::basic_string<char,struct std::char_traits<char>,class std::allocator<char> > const &,class std::basic_string<char,struct std::char_traits<char>,class std::allocator<char> > const &,class std::basic_string<char,struct std::char_traits<char>,class std::allocator<char> > const &,int)" (??0Exception@cv@@QAE@HABV?$basic_string@DU?$char_traits@D@std@@V?$allocator@D@2@@std@@00H@Z) referenced in function "public: __thiscall cv::Mat::Mat(int,int,int,void *,unsigned int)" (??0Mat@cv@@QAE@HHHPAXI@Z)
     1>VideoAnotationPreProcess.obj : error LNK2019: unresolved external symbol "public: virtual __thiscall cv::Exception::~Exception(void)" (??1Exception@cv@@UAE@XZ) referenced in function "public: __thiscall cv::Mat::Mat(int,int,int,void *,unsigned int)" (??0Mat@cv@@QAE@HHHPAXI@Z)
     1>VideoAnotationPreProcess.obj : error LNK2019: unresolved external symbol "void __cdecl cv::error(class cv::Exception const &)" (?error@cv@@YAXABVException@1@@Z) referenced in function "public: __thiscall cv::Mat::Mat(int,int,int,void *,unsigned int)" (??0Mat@cv@@QAE@HHHPAXI@Z)
     1>VideoAnotationPreProcess.obj : error LNK2019: unresolved external symbol "void __cdecl cv::fastFree(void *)" (?fastFree@cv@@YAXPAX@Z) referenced in function "public: __thiscall cv::Mat::~Mat(void)" (??1Mat@cv@@QAE@XZ)
     1>VideoAnotationPreProcess.obj : error LNK2019: unresolved external symbol "public: __thiscall cv::_InputArray::_InputArray(class cv::Mat const &)" (??0_InputArray@cv@@QAE@ABVMat@1@@Z) referenced in function _main
     1>VideoAnotationPreProcess.obj : error LNK2019: unresolved external symbol "public: void __thiscall cv::Mat::deallocate(void)" (?deallocate@Mat@cv@@QAEXXZ) referenced in function "public: void __thiscall cv::Mat::release(void)" (?release@Mat@cv@@QAEXXZ)
     1>VideoAnotationPreProcess.obj : error LNK2019: unresolved external symbol "public: virtual __thiscall cv::Algorithm::~Algorithm(void)" (??1Algorithm@cv@@UAE@XZ) referenced in function "public: void __thiscall cv::SURF::`vbase destructor'(void)" (??_DSURF@cv@@QAEXXZ)
     1>VideoAnotationPreProcess.obj : error LNK2019: unresolved external symbol "int __cdecl cv::_interlockedExchangeAdd(int *,int)" (?_interlockedExchangeAdd@cv@@YAHPAHH@Z) referenced in function "public: void __thiscall cv::Mat::release(void)" (?release@Mat@cv@@QAEXXZ)
     1>VideoAnotationPreProcess.obj : error LNK2019: unresolved external symbol "public: virtual __thiscall cv::FeatureDetector::~FeatureDetector(void)" (??1FeatureDetector@cv@@UAE@XZ) referenced in function "public: virtual __thiscall cv::Feature2D::~Feature2D(void)" (??1Feature2D@cv@@UAE@XZ)
     1>VideoAnotationPreProcess.obj : error LNK2019: unresolved external symbol "public: void __thiscall cv::FeatureDetector::detect(class cv::Mat const &,class std::vector<class cv::KeyPoint,class std::allocator<class cv::KeyPoint> > &,class cv::Mat const &)const " (?detect@FeatureDetector@cv@@QBEXABVMat@2@AAV?$vector@VKeyPoint@cv@@V?$allocator@VKeyPoint@cv@@@std@@@std@@0@Z) referenced in function _main
     1>VideoAnotationPreProcess.obj : error LNK2019: unresolved external symbol "public: virtual __thiscall cv::DescriptorExtractor::~DescriptorExtractor(void)" (??1DescriptorExtractor@cv@@UAE@XZ) referenced in function "public: virtual __thiscall cv::Feature2D::~Feature2D(void)" (??1Feature2D@cv@@UAE@XZ)
     1>VideoAnotationPreProcess.obj : error LNK2019: unresolved external symbol "void __cdecl cv::drawKeypoints(class cv::Mat const &,class std::vector<class cv::KeyPoint,class std::allocator<class cv::KeyPoint> > const &,class cv::Mat &,class cv::Scalar_<double> const &,int)" (?drawKeypoints@cv@@YAXABVMat@1@ABV?$vector@VKeyPoint@cv@@V?$allocator@VKeyPoint@cv@@@std@@@std@@AAV21@ABV?$Scalar_@N@1@H@Z) referenced in function _main
     1>VideoAnotationPreProcess.obj : error LNK2019: unresolved external symbol "public: __thiscall cv::SURF::SURF(double,int,int,bool,bool)" (??0SURF@cv@@QAE@NHH_N0@Z) referenced in function _main
     1>VideoAnotationPreProcess.obj : error LNK2019: unresolved external symbol "void __cdecl cv::imshow(class std::basic_string<char,struct std::char_traits<char>,class std::allocator<char> > const &,class cv::_InputArray const &)" (?imshow@cv@@YAXABV?$basic_string@DU?$char_traits@D@std@@V?$allocator@D@2@@std@@ABV_InputArray@1@@Z) referenced in function _main
     1>D:\Google Drive\VSProjects\VideoAnotationPreProcess\Debug\VideoAnotationPreProcess.exe : fatal error LNK1120: 36 unresolved externals
     1>Done Building Project "D:\Google Drive\VSProjects\VideoAnotationPreProcess\VideoAnotationPreProcess\VideoAnotationPreProcess.vcxproj" (Build target(s)) -- FAILED.

Build FAILED.

Time Elapsed 00:00:03.31
